/SSD1T/05_Users/hoai/dev/ppocr-vietnamese/venv-ppocr/lib/python3.8/site-packages/skimage/restoration/inpaint.py:6: DeprecationWarning: Please use `laplace` from the `scipy.ndimage` namespace, the `scipy.ndimage.filters` namespace is deprecated.
  from scipy.ndimage.filters import laplace
/SSD1T/05_Users/hoai/dev/ppocr-vietnamese/venv-ppocr/lib/python3.8/site-packages/skimage/morphology/_skeletonize.py:241: DeprecationWarning: `np.bool` is a deprecated alias for the builtin `bool`. To silence this warning, use `bool` by itself. Doing this will not modify any behavior and is safe. If you specifically wanted the numpy scalar type, use `np.bool_` here.
Deprecated in NumPy 1.20; for more details and guidance: https://numpy.org/devdocs/release/1.20.0-notes.html#deprecations
  0, 1, 1, 0, 0, 1, 0, 0, 0], dtype=np.bool)
/SSD1T/05_Users/hoai/dev/ppocr-vietnamese/venv-ppocr/lib/python3.8/site-packages/skimage/morphology/_skeletonize.py:256: DeprecationWarning: `np.bool` is a deprecated alias for the builtin `bool`. To silence this warning, use `bool` by itself. Doing this will not modify any behavior and is safe. If you specifically wanted the numpy scalar type, use `np.bool_` here.
Deprecated in NumPy 1.20; for more details and guidance: https://numpy.org/devdocs/release/1.20.0-notes.html#deprecations
  0, 0, 0, 0, 0, 0, 0, 0, 0], dtype=np.bool)
/SSD1T/05_Users/hoai/dev/ppocr-vietnamese/venv-ppocr/lib/python3.8/site-packages/skimage/feature/_orb_descriptor_positions.py:8: DeprecationWarning: loadtxt(): Parsing an integer via a float is deprecated.  To avoid this warning, you can:
    * make sure the original data is stored as integers.
    * use the `converters=` keyword argument.  If you only use
      NumPy 1.23 or later, `converters=float` will normally work.
    * Use `np.loadtxt(...).astype(np.int64)` parsing the file as
      floating point and then convert it.  (On all NumPy versions.)
  (Deprecated NumPy 1.23)
  POS = np.loadtxt(os.path.join(this_dir, "orb_descriptor_positions.txt"),
/SSD1T/05_Users/hoai/dev/ppocr-vietnamese/venv-ppocr/lib/python3.8/site-packages/skimage/filters/_unsharp_mask.py:2: DeprecationWarning: Please use `gaussian_filter` from the `scipy.ndimage` namespace, the `scipy.ndimage.filters` namespace is deprecated.
  from scipy.ndimage.filters import gaussian_filter
[2022/09/25 15:45:08] ppocr INFO: Architecture : 
[2022/09/25 15:45:08] ppocr INFO:     Backbone : 
[2022/09/25 15:45:08] ppocr INFO:         model_name : large
[2022/09/25 15:45:08] ppocr INFO:         name : MobileNetV3
[2022/09/25 15:45:08] ppocr INFO:         scale : 0.5
[2022/09/25 15:45:08] ppocr INFO:     Head : 
[2022/09/25 15:45:08] ppocr INFO:         k : 50
[2022/09/25 15:45:08] ppocr INFO:         name : DBHead
[2022/09/25 15:45:08] ppocr INFO:     Neck : 
[2022/09/25 15:45:08] ppocr INFO:         name : DBFPN
[2022/09/25 15:45:08] ppocr INFO:         out_channels : 256
[2022/09/25 15:45:08] ppocr INFO:     Transform : None
[2022/09/25 15:45:08] ppocr INFO:     algorithm : DB
[2022/09/25 15:45:08] ppocr INFO:     model_type : det
[2022/09/25 15:45:08] ppocr INFO: Eval : 
[2022/09/25 15:45:08] ppocr INFO:     dataset : 
[2022/09/25 15:45:08] ppocr INFO:         data_dir : ./train_data/icdar2015/text_localization/
[2022/09/25 15:45:08] ppocr INFO:         label_file_list : ['./train_data/icdar2015/text_localization/test_icdar2015_label.txt']
[2022/09/25 15:45:08] ppocr INFO:         name : SimpleDataSet
[2022/09/25 15:45:08] ppocr INFO:         transforms : 
[2022/09/25 15:45:08] ppocr INFO:             DecodeImage : 
[2022/09/25 15:45:08] ppocr INFO:                 channel_first : False
[2022/09/25 15:45:08] ppocr INFO:                 img_mode : BGR
[2022/09/25 15:45:08] ppocr INFO:             DetLabelEncode : None
[2022/09/25 15:45:08] ppocr INFO:             DetResizeForTest : 
[2022/09/25 15:45:08] ppocr INFO:                 image_shape : [736, 1280]
[2022/09/25 15:45:08] ppocr INFO:             NormalizeImage : 
[2022/09/25 15:45:08] ppocr INFO:                 mean : [0.485, 0.456, 0.406]
[2022/09/25 15:45:08] ppocr INFO:                 order : hwc
[2022/09/25 15:45:08] ppocr INFO:                 scale : 1./255.
[2022/09/25 15:45:08] ppocr INFO:                 std : [0.229, 0.224, 0.225]
[2022/09/25 15:45:08] ppocr INFO:             ToCHWImage : None
[2022/09/25 15:45:08] ppocr INFO:             KeepKeys : 
[2022/09/25 15:45:08] ppocr INFO:                 keep_keys : ['image', 'shape', 'polys', 'ignore_tags']
[2022/09/25 15:45:08] ppocr INFO:     loader : 
[2022/09/25 15:45:08] ppocr INFO:         batch_size_per_card : 1
[2022/09/25 15:45:08] ppocr INFO:         drop_last : False
[2022/09/25 15:45:08] ppocr INFO:         num_workers : 8
[2022/09/25 15:45:08] ppocr INFO:         shuffle : False
[2022/09/25 15:45:08] ppocr INFO:         use_shared_memory : True
[2022/09/25 15:45:08] ppocr INFO: Global : 
[2022/09/25 15:45:08] ppocr INFO:     cal_metric_during_train : False
[2022/09/25 15:45:08] ppocr INFO:     checkpoints : None
[2022/09/25 15:45:08] ppocr INFO:     distributed : False
[2022/09/25 15:45:08] ppocr INFO:     epoch_num : 1200
[2022/09/25 15:45:08] ppocr INFO:     eval_batch_step : [0, 2000]
[2022/09/25 15:45:08] ppocr INFO:     infer_img : doc/imgs_en/img_10.jpg
[2022/09/25 15:45:08] ppocr INFO:     log_smooth_window : 20
[2022/09/25 15:45:08] ppocr INFO:     pretrained_model : ./pretrain_models/MobileNetV3_large_x0_5_pretrained
[2022/09/25 15:45:08] ppocr INFO:     print_batch_step : 10
[2022/09/25 15:45:08] ppocr INFO:     save_epoch_step : 1200
[2022/09/25 15:45:08] ppocr INFO:     save_inference_dir : None
[2022/09/25 15:45:08] ppocr INFO:     save_model_dir : ./output/db_mv3/
[2022/09/25 15:45:08] ppocr INFO:     save_res_path : ./output/det_db/predicts_db.txt
[2022/09/25 15:45:08] ppocr INFO:     use_gpu : True
[2022/09/25 15:45:08] ppocr INFO:     use_visualdl : False
[2022/09/25 15:45:08] ppocr INFO:     use_xpu : False
[2022/09/25 15:45:08] ppocr INFO: Loss : 
[2022/09/25 15:45:08] ppocr INFO:     alpha : 5
[2022/09/25 15:45:08] ppocr INFO:     balance_loss : True
[2022/09/25 15:45:08] ppocr INFO:     beta : 10
[2022/09/25 15:45:08] ppocr INFO:     main_loss_type : DiceLoss
[2022/09/25 15:45:08] ppocr INFO:     name : DBLoss
[2022/09/25 15:45:08] ppocr INFO:     ohem_ratio : 3
[2022/09/25 15:45:08] ppocr INFO: Metric : 
[2022/09/25 15:45:08] ppocr INFO:     main_indicator : hmean
[2022/09/25 15:45:08] ppocr INFO:     name : DetMetric
[2022/09/25 15:45:08] ppocr INFO: Optimizer : 
[2022/09/25 15:45:08] ppocr INFO:     beta1 : 0.9
[2022/09/25 15:45:08] ppocr INFO:     beta2 : 0.999
[2022/09/25 15:45:08] ppocr INFO:     lr : 
[2022/09/25 15:45:08] ppocr INFO:         learning_rate : 0.001
[2022/09/25 15:45:08] ppocr INFO:     name : Adam
[2022/09/25 15:45:08] ppocr INFO:     regularizer : 
[2022/09/25 15:45:08] ppocr INFO:         factor : 0
[2022/09/25 15:45:08] ppocr INFO:         name : L2
[2022/09/25 15:45:08] ppocr INFO: PostProcess : 
[2022/09/25 15:45:08] ppocr INFO:     box_thresh : 0.6
[2022/09/25 15:45:08] ppocr INFO:     max_candidates : 1000
[2022/09/25 15:45:08] ppocr INFO:     name : DBPostProcess
[2022/09/25 15:45:08] ppocr INFO:     thresh : 0.3
[2022/09/25 15:45:08] ppocr INFO:     unclip_ratio : 1.5
[2022/09/25 15:45:08] ppocr INFO: Train : 
[2022/09/25 15:45:08] ppocr INFO:     dataset : 
[2022/09/25 15:45:08] ppocr INFO:         data_dir : ./train_data/icdar2015/text_localization/
[2022/09/25 15:45:08] ppocr INFO:         label_file_list : ['./train_data/icdar2015/text_localization/train_icdar2015_label.txt']
[2022/09/25 15:45:08] ppocr INFO:         name : SimpleDataSet
[2022/09/25 15:45:08] ppocr INFO:         ratio_list : [1.0]
[2022/09/25 15:45:08] ppocr INFO:         transforms : 
[2022/09/25 15:45:08] ppocr INFO:             DecodeImage : 
[2022/09/25 15:45:08] ppocr INFO:                 channel_first : False
[2022/09/25 15:45:08] ppocr INFO:                 img_mode : BGR
[2022/09/25 15:45:08] ppocr INFO:             DetLabelEncode : None
[2022/09/25 15:45:08] ppocr INFO:             IaaAugment : 
[2022/09/25 15:45:08] ppocr INFO:                 augmenter_args : 
[2022/09/25 15:45:08] ppocr INFO:                     args : 
[2022/09/25 15:45:08] ppocr INFO:                         p : 0.5
[2022/09/25 15:45:08] ppocr INFO:                     type : Fliplr
[2022/09/25 15:45:08] ppocr INFO:                     args : 
[2022/09/25 15:45:08] ppocr INFO:                         rotate : [-10, 10]
[2022/09/25 15:45:08] ppocr INFO:                     type : Affine
[2022/09/25 15:45:08] ppocr INFO:                     args : 
[2022/09/25 15:45:08] ppocr INFO:                         size : [0.5, 3]
[2022/09/25 15:45:08] ppocr INFO:                     type : Resize
[2022/09/25 15:45:08] ppocr INFO:             EastRandomCropData : 
[2022/09/25 15:45:08] ppocr INFO:                 keep_ratio : True
[2022/09/25 15:45:08] ppocr INFO:                 max_tries : 50
[2022/09/25 15:45:08] ppocr INFO:                 size : [640, 640]
[2022/09/25 15:45:08] ppocr INFO:             MakeBorderMap : 
[2022/09/25 15:45:08] ppocr INFO:                 shrink_ratio : 0.4
[2022/09/25 15:45:08] ppocr INFO:                 thresh_max : 0.7
[2022/09/25 15:45:08] ppocr INFO:                 thresh_min : 0.3
[2022/09/25 15:45:08] ppocr INFO:             MakeShrinkMap : 
[2022/09/25 15:45:08] ppocr INFO:                 min_text_size : 8
[2022/09/25 15:45:08] ppocr INFO:                 shrink_ratio : 0.4
[2022/09/25 15:45:08] ppocr INFO:             NormalizeImage : 
[2022/09/25 15:45:08] ppocr INFO:                 mean : [0.485, 0.456, 0.406]
[2022/09/25 15:45:08] ppocr INFO:                 order : hwc
[2022/09/25 15:45:08] ppocr INFO:                 scale : 1./255.
[2022/09/25 15:45:08] ppocr INFO:                 std : [0.229, 0.224, 0.225]
[2022/09/25 15:45:08] ppocr INFO:             ToCHWImage : None
[2022/09/25 15:45:08] ppocr INFO:             KeepKeys : 
[2022/09/25 15:45:08] ppocr INFO:                 keep_keys : ['image', 'threshold_map', 'threshold_mask', 'shrink_map', 'shrink_mask']
[2022/09/25 15:45:08] ppocr INFO:     loader : 
[2022/09/25 15:45:08] ppocr INFO:         batch_size_per_card : 16
[2022/09/25 15:45:08] ppocr INFO:         drop_last : False
[2022/09/25 15:45:08] ppocr INFO:         num_workers : 8
[2022/09/25 15:45:08] ppocr INFO:         shuffle : True
[2022/09/25 15:45:08] ppocr INFO:         use_shared_memory : True
[2022/09/25 15:45:08] ppocr INFO: profiler_options : None
[2022/09/25 15:45:08] ppocr INFO: train with paddle 2.3.2 and device Place(gpu:0)
[2022/09/25 15:45:08] ppocr INFO: Initialize indexs of datasets:['./train_data/icdar2015/text_localization/train_icdar2015_label.txt']
[2022/09/25 15:45:08] ppocr INFO: Initialize indexs of datasets:['./train_data/icdar2015/text_localization/test_icdar2015_label.txt']
W0925 15:45:08.902591 140448 gpu_resources.cc:61] Please NOTE: device: 0, GPU Compute Capability: 8.6, Driver API Version: 11.2, Runtime API Version: 10.2
W0925 15:45:08.904839 140448 gpu_resources.cc:91] device: 0, cuDNN Version: 8.3.
[2022/09/25 15:45:09] ppocr INFO: train dataloader has 63 iters
[2022/09/25 15:45:09] ppocr INFO: valid dataloader has 500 iters
[2022/09/25 15:45:09] ppocr WARNING: The pretrained params conv1.conv.weight not in model
[2022/09/25 15:45:09] ppocr WARNING: The pretrained params conv1.bn.weight not in model
[2022/09/25 15:45:09] ppocr WARNING: The pretrained params conv1.bn.bias not in model
[2022/09/25 15:45:09] ppocr WARNING: The pretrained params conv1.bn._mean not in model
[2022/09/25 15:45:09] ppocr WARNING: The pretrained params conv1.bn._variance not in model
[2022/09/25 15:45:09] ppocr WARNING: The pretrained params conv2.expand_conv.conv.weight not in model
[2022/09/25 15:45:09] ppocr WARNING: The pretrained params conv2.expand_conv.bn.weight not in model
[2022/09/25 15:45:09] ppocr WARNING: The pretrained params conv2.expand_conv.bn.bias not in model
[2022/09/25 15:45:09] ppocr WARNING: The pretrained params conv2.expand_conv.bn._mean not in model
[2022/09/25 15:45:09] ppocr WARNING: The pretrained params conv2.expand_conv.bn._variance not in model
[2022/09/25 15:45:09] ppocr WARNING: The pretrained params conv2.bottleneck_conv.conv.weight not in model
[2022/09/25 15:45:09] ppocr WARNING: The pretrained params conv2.bottleneck_conv.bn.weight not in model
[2022/09/25 15:45:09] ppocr WARNING: The pretrained params conv2.bottleneck_conv.bn.bias not in model
[2022/09/25 15:45:09] ppocr WARNING: The pretrained params conv2.bottleneck_conv.bn._mean not in model
[2022/09/25 15:45:09] ppocr WARNING: The pretrained params conv2.bottleneck_conv.bn._variance not in model
[2022/09/25 15:45:09] ppocr WARNING: The pretrained params conv2.linear_conv.conv.weight not in model
[2022/09/25 15:45:09] ppocr WARNING: The pretrained params conv2.linear_conv.bn.weight not in model
[2022/09/25 15:45:09] ppocr WARNING: The pretrained params conv2.linear_conv.bn.bias not in model
[2022/09/25 15:45:09] ppocr WARNING: The pretrained params conv2.linear_conv.bn._mean not in model
[2022/09/25 15:45:09] ppocr WARNING: The pretrained params conv2.linear_conv.bn._variance not in model
[2022/09/25 15:45:09] ppocr WARNING: The pretrained params conv3.expand_conv.conv.weight not in model
[2022/09/25 15:45:09] ppocr WARNING: The pretrained params conv3.expand_conv.bn.weight not in model
[2022/09/25 15:45:09] ppocr WARNING: The pretrained params conv3.expand_conv.bn.bias not in model
[2022/09/25 15:45:09] ppocr WARNING: The pretrained params conv3.expand_conv.bn._mean not in model
[2022/09/25 15:45:09] ppocr WARNING: The pretrained params conv3.expand_conv.bn._variance not in model
[2022/09/25 15:45:09] ppocr WARNING: The pretrained params conv3.bottleneck_conv.conv.weight not in model
[2022/09/25 15:45:09] ppocr WARNING: The pretrained params conv3.bottleneck_conv.bn.weight not in model
[2022/09/25 15:45:09] ppocr WARNING: The pretrained params conv3.bottleneck_conv.bn.bias not in model
[2022/09/25 15:45:09] ppocr WARNING: The pretrained params conv3.bottleneck_conv.bn._mean not in model
[2022/09/25 15:45:09] ppocr WARNING: The pretrained params conv3.bottleneck_conv.bn._variance not in model
[2022/09/25 15:45:09] ppocr WARNING: The pretrained params conv3.linear_conv.conv.weight not in model
[2022/09/25 15:45:09] ppocr WARNING: The pretrained params conv3.linear_conv.bn.weight not in model
[2022/09/25 15:45:09] ppocr WARNING: The pretrained params conv3.linear_conv.bn.bias not in model
[2022/09/25 15:45:09] ppocr WARNING: The pretrained params conv3.linear_conv.bn._mean not in model
[2022/09/25 15:45:09] ppocr WARNING: The pretrained params conv3.linear_conv.bn._variance not in model
[2022/09/25 15:45:09] ppocr WARNING: The pretrained params conv4.expand_conv.conv.weight not in model
[2022/09/25 15:45:09] ppocr WARNING: The pretrained params conv4.expand_conv.bn.weight not in model
[2022/09/25 15:45:09] ppocr WARNING: The pretrained params conv4.expand_conv.bn.bias not in model
[2022/09/25 15:45:09] ppocr WARNING: The pretrained params conv4.expand_conv.bn._mean not in model
[2022/09/25 15:45:09] ppocr WARNING: The pretrained params conv4.expand_conv.bn._variance not in model
[2022/09/25 15:45:09] ppocr WARNING: The pretrained params conv4.bottleneck_conv.conv.weight not in model
[2022/09/25 15:45:09] ppocr WARNING: The pretrained params conv4.bottleneck_conv.bn.weight not in model
[2022/09/25 15:45:09] ppocr WARNING: The pretrained params conv4.bottleneck_conv.bn.bias not in model
[2022/09/25 15:45:09] ppocr WARNING: The pretrained params conv4.bottleneck_conv.bn._mean not in model
[2022/09/25 15:45:09] ppocr WARNING: The pretrained params conv4.bottleneck_conv.bn._variance not in model
[2022/09/25 15:45:09] ppocr WARNING: The pretrained params conv4.linear_conv.conv.weight not in model
[2022/09/25 15:45:09] ppocr WARNING: The pretrained params conv4.linear_conv.bn.weight not in model
[2022/09/25 15:45:09] ppocr WARNING: The pretrained params conv4.linear_conv.bn.bias not in model
[2022/09/25 15:45:09] ppocr WARNING: The pretrained params conv4.linear_conv.bn._mean not in model
[2022/09/25 15:45:09] ppocr WARNING: The pretrained params conv4.linear_conv.bn._variance not in model
[2022/09/25 15:45:09] ppocr WARNING: The pretrained params conv5.expand_conv.conv.weight not in model
[2022/09/25 15:45:09] ppocr WARNING: The pretrained params conv5.expand_conv.bn.weight not in model
[2022/09/25 15:45:09] ppocr WARNING: The pretrained params conv5.expand_conv.bn.bias not in model
[2022/09/25 15:45:09] ppocr WARNING: The pretrained params conv5.expand_conv.bn._mean not in model
[2022/09/25 15:45:09] ppocr WARNING: The pretrained params conv5.expand_conv.bn._variance not in model
[2022/09/25 15:45:09] ppocr WARNING: The pretrained params conv5.bottleneck_conv.conv.weight not in model
[2022/09/25 15:45:09] ppocr WARNING: The pretrained params conv5.bottleneck_conv.bn.weight not in model
[2022/09/25 15:45:09] ppocr WARNING: The pretrained params conv5.bottleneck_conv.bn.bias not in model
[2022/09/25 15:45:09] ppocr WARNING: The pretrained params conv5.bottleneck_conv.bn._mean not in model
[2022/09/25 15:45:09] ppocr WARNING: The pretrained params conv5.bottleneck_conv.bn._variance not in model
[2022/09/25 15:45:09] ppocr WARNING: The pretrained params conv5.mid_se.conv1.weight not in model
[2022/09/25 15:45:09] ppocr WARNING: The pretrained params conv5.mid_se.conv1.bias not in model
[2022/09/25 15:45:09] ppocr WARNING: The pretrained params conv5.mid_se.conv2.weight not in model
[2022/09/25 15:45:09] ppocr WARNING: The pretrained params conv5.mid_se.conv2.bias not in model
[2022/09/25 15:45:09] ppocr WARNING: The pretrained params conv5.linear_conv.conv.weight not in model
[2022/09/25 15:45:09] ppocr WARNING: The pretrained params conv5.linear_conv.bn.weight not in model
[2022/09/25 15:45:09] ppocr WARNING: The pretrained params conv5.linear_conv.bn.bias not in model
[2022/09/25 15:45:09] ppocr WARNING: The pretrained params conv5.linear_conv.bn._mean not in model
[2022/09/25 15:45:09] ppocr WARNING: The pretrained params conv5.linear_conv.bn._variance not in model
[2022/09/25 15:45:09] ppocr WARNING: The pretrained params conv6.expand_conv.conv.weight not in model
[2022/09/25 15:45:09] ppocr WARNING: The pretrained params conv6.expand_conv.bn.weight not in model
[2022/09/25 15:45:09] ppocr WARNING: The pretrained params conv6.expand_conv.bn.bias not in model
[2022/09/25 15:45:09] ppocr WARNING: The pretrained params conv6.expand_conv.bn._mean not in model
[2022/09/25 15:45:09] ppocr WARNING: The pretrained params conv6.expand_conv.bn._variance not in model
[2022/09/25 15:45:09] ppocr WARNING: The pretrained params conv6.bottleneck_conv.conv.weight not in model
[2022/09/25 15:45:09] ppocr WARNING: The pretrained params conv6.bottleneck_conv.bn.weight not in model
[2022/09/25 15:45:09] ppocr WARNING: The pretrained params conv6.bottleneck_conv.bn.bias not in model
[2022/09/25 15:45:09] ppocr WARNING: The pretrained params conv6.bottleneck_conv.bn._mean not in model
[2022/09/25 15:45:09] ppocr WARNING: The pretrained params conv6.bottleneck_conv.bn._variance not in model
[2022/09/25 15:45:09] ppocr WARNING: The pretrained params conv6.mid_se.conv1.weight not in model
[2022/09/25 15:45:09] ppocr WARNING: The pretrained params conv6.mid_se.conv1.bias not in model
[2022/09/25 15:45:09] ppocr WARNING: The pretrained params conv6.mid_se.conv2.weight not in model
[2022/09/25 15:45:09] ppocr WARNING: The pretrained params conv6.mid_se.conv2.bias not in model
[2022/09/25 15:45:09] ppocr WARNING: The pretrained params conv6.linear_conv.conv.weight not in model
[2022/09/25 15:45:09] ppocr WARNING: The pretrained params conv6.linear_conv.bn.weight not in model
[2022/09/25 15:45:09] ppocr WARNING: The pretrained params conv6.linear_conv.bn.bias not in model
[2022/09/25 15:45:09] ppocr WARNING: The pretrained params conv6.linear_conv.bn._mean not in model
[2022/09/25 15:45:09] ppocr WARNING: The pretrained params conv6.linear_conv.bn._variance not in model
[2022/09/25 15:45:09] ppocr WARNING: The pretrained params conv7.expand_conv.conv.weight not in model
[2022/09/25 15:45:09] ppocr WARNING: The pretrained params conv7.expand_conv.bn.weight not in model
[2022/09/25 15:45:09] ppocr WARNING: The pretrained params conv7.expand_conv.bn.bias not in model
[2022/09/25 15:45:09] ppocr WARNING: The pretrained params conv7.expand_conv.bn._mean not in model
[2022/09/25 15:45:09] ppocr WARNING: The pretrained params conv7.expand_conv.bn._variance not in model
[2022/09/25 15:45:09] ppocr WARNING: The pretrained params conv7.bottleneck_conv.conv.weight not in model
[2022/09/25 15:45:09] ppocr WARNING: The pretrained params conv7.bottleneck_conv.bn.weight not in model
[2022/09/25 15:45:09] ppocr WARNING: The pretrained params conv7.bottleneck_conv.bn.bias not in model
[2022/09/25 15:45:09] ppocr WARNING: The pretrained params conv7.bottleneck_conv.bn._mean not in model
[2022/09/25 15:45:09] ppocr WARNING: The pretrained params conv7.bottleneck_conv.bn._variance not in model
[2022/09/25 15:45:09] ppocr WARNING: The pretrained params conv7.mid_se.conv1.weight not in model
[2022/09/25 15:45:09] ppocr WARNING: The pretrained params conv7.mid_se.conv1.bias not in model
[2022/09/25 15:45:09] ppocr WARNING: The pretrained params conv7.mid_se.conv2.weight not in model
[2022/09/25 15:45:09] ppocr WARNING: The pretrained params conv7.mid_se.conv2.bias not in model
[2022/09/25 15:45:09] ppocr WARNING: The pretrained params conv7.linear_conv.conv.weight not in model
[2022/09/25 15:45:09] ppocr WARNING: The pretrained params conv7.linear_conv.bn.weight not in model
[2022/09/25 15:45:09] ppocr WARNING: The pretrained params conv7.linear_conv.bn.bias not in model
[2022/09/25 15:45:09] ppocr WARNING: The pretrained params conv7.linear_conv.bn._mean not in model
[2022/09/25 15:45:09] ppocr WARNING: The pretrained params conv7.linear_conv.bn._variance not in model
[2022/09/25 15:45:09] ppocr WARNING: The pretrained params conv8.expand_conv.conv.weight not in model
[2022/09/25 15:45:09] ppocr WARNING: The pretrained params conv8.expand_conv.bn.weight not in model
[2022/09/25 15:45:09] ppocr WARNING: The pretrained params conv8.expand_conv.bn.bias not in model
[2022/09/25 15:45:09] ppocr WARNING: The pretrained params conv8.expand_conv.bn._mean not in model
[2022/09/25 15:45:09] ppocr WARNING: The pretrained params conv8.expand_conv.bn._variance not in model
[2022/09/25 15:45:09] ppocr WARNING: The pretrained params conv8.bottleneck_conv.conv.weight not in model
[2022/09/25 15:45:09] ppocr WARNING: The pretrained params conv8.bottleneck_conv.bn.weight not in model
[2022/09/25 15:45:09] ppocr WARNING: The pretrained params conv8.bottleneck_conv.bn.bias not in model
[2022/09/25 15:45:09] ppocr WARNING: The pretrained params conv8.bottleneck_conv.bn._mean not in model
[2022/09/25 15:45:09] ppocr WARNING: The pretrained params conv8.bottleneck_conv.bn._variance not in model
[2022/09/25 15:45:09] ppocr WARNING: The pretrained params conv8.linear_conv.conv.weight not in model
[2022/09/25 15:45:09] ppocr WARNING: The pretrained params conv8.linear_conv.bn.weight not in model
[2022/09/25 15:45:09] ppocr WARNING: The pretrained params conv8.linear_conv.bn.bias not in model
[2022/09/25 15:45:09] ppocr WARNING: The pretrained params conv8.linear_conv.bn._mean not in model
[2022/09/25 15:45:09] ppocr WARNING: The pretrained params conv8.linear_conv.bn._variance not in model
[2022/09/25 15:45:09] ppocr WARNING: The pretrained params conv9.expand_conv.conv.weight not in model
[2022/09/25 15:45:09] ppocr WARNING: The pretrained params conv9.expand_conv.bn.weight not in model
[2022/09/25 15:45:09] ppocr WARNING: The pretrained params conv9.expand_conv.bn.bias not in model
[2022/09/25 15:45:09] ppocr WARNING: The pretrained params conv9.expand_conv.bn._mean not in model
[2022/09/25 15:45:09] ppocr WARNING: The pretrained params conv9.expand_conv.bn._variance not in model
[2022/09/25 15:45:09] ppocr WARNING: The pretrained params conv9.bottleneck_conv.conv.weight not in model
[2022/09/25 15:45:09] ppocr WARNING: The pretrained params conv9.bottleneck_conv.bn.weight not in model
[2022/09/25 15:45:09] ppocr WARNING: The pretrained params conv9.bottleneck_conv.bn.bias not in model
[2022/09/25 15:45:09] ppocr WARNING: The pretrained params conv9.bottleneck_conv.bn._mean not in model
[2022/09/25 15:45:09] ppocr WARNING: The pretrained params conv9.bottleneck_conv.bn._variance not in model
[2022/09/25 15:45:09] ppocr WARNING: The pretrained params conv9.linear_conv.conv.weight not in model
[2022/09/25 15:45:09] ppocr WARNING: The pretrained params conv9.linear_conv.bn.weight not in model
[2022/09/25 15:45:09] ppocr WARNING: The pretrained params conv9.linear_conv.bn.bias not in model
[2022/09/25 15:45:09] ppocr WARNING: The pretrained params conv9.linear_conv.bn._mean not in model
[2022/09/25 15:45:09] ppocr WARNING: The pretrained params conv9.linear_conv.bn._variance not in model
[2022/09/25 15:45:09] ppocr WARNING: The pretrained params conv10.expand_conv.conv.weight not in model
[2022/09/25 15:45:09] ppocr WARNING: The pretrained params conv10.expand_conv.bn.weight not in model
[2022/09/25 15:45:09] ppocr WARNING: The pretrained params conv10.expand_conv.bn.bias not in model
[2022/09/25 15:45:09] ppocr WARNING: The pretrained params conv10.expand_conv.bn._mean not in model
[2022/09/25 15:45:09] ppocr WARNING: The pretrained params conv10.expand_conv.bn._variance not in model
[2022/09/25 15:45:09] ppocr WARNING: The pretrained params conv10.bottleneck_conv.conv.weight not in model
[2022/09/25 15:45:09] ppocr WARNING: The pretrained params conv10.bottleneck_conv.bn.weight not in model
[2022/09/25 15:45:09] ppocr WARNING: The pretrained params conv10.bottleneck_conv.bn.bias not in model
[2022/09/25 15:45:09] ppocr WARNING: The pretrained params conv10.bottleneck_conv.bn._mean not in model
[2022/09/25 15:45:09] ppocr WARNING: The pretrained params conv10.bottleneck_conv.bn._variance not in model
[2022/09/25 15:45:09] ppocr WARNING: The pretrained params conv10.linear_conv.conv.weight not in model
[2022/09/25 15:45:09] ppocr WARNING: The pretrained params conv10.linear_conv.bn.weight not in model
[2022/09/25 15:45:09] ppocr WARNING: The pretrained params conv10.linear_conv.bn.bias not in model
[2022/09/25 15:45:09] ppocr WARNING: The pretrained params conv10.linear_conv.bn._mean not in model
[2022/09/25 15:45:09] ppocr WARNING: The pretrained params conv10.linear_conv.bn._variance not in model
[2022/09/25 15:45:09] ppocr WARNING: The pretrained params conv11.expand_conv.conv.weight not in model
[2022/09/25 15:45:09] ppocr WARNING: The pretrained params conv11.expand_conv.bn.weight not in model
[2022/09/25 15:45:09] ppocr WARNING: The pretrained params conv11.expand_conv.bn.bias not in model
[2022/09/25 15:45:09] ppocr WARNING: The pretrained params conv11.expand_conv.bn._mean not in model
[2022/09/25 15:45:09] ppocr WARNING: The pretrained params conv11.expand_conv.bn._variance not in model
[2022/09/25 15:45:09] ppocr WARNING: The pretrained params conv11.bottleneck_conv.conv.weight not in model
[2022/09/25 15:45:09] ppocr WARNING: The pretrained params conv11.bottleneck_conv.bn.weight not in model
[2022/09/25 15:45:09] ppocr WARNING: The pretrained params conv11.bottleneck_conv.bn.bias not in model
[2022/09/25 15:45:09] ppocr WARNING: The pretrained params conv11.bottleneck_conv.bn._mean not in model
[2022/09/25 15:45:09] ppocr WARNING: The pretrained params conv11.bottleneck_conv.bn._variance not in model
[2022/09/25 15:45:09] ppocr WARNING: The pretrained params conv11.linear_conv.conv.weight not in model
[2022/09/25 15:45:09] ppocr WARNING: The pretrained params conv11.linear_conv.bn.weight not in model
[2022/09/25 15:45:09] ppocr WARNING: The pretrained params conv11.linear_conv.bn.bias not in model
[2022/09/25 15:45:09] ppocr WARNING: The pretrained params conv11.linear_conv.bn._mean not in model
[2022/09/25 15:45:09] ppocr WARNING: The pretrained params conv11.linear_conv.bn._variance not in model
[2022/09/25 15:45:09] ppocr WARNING: The pretrained params conv12.expand_conv.conv.weight not in model
[2022/09/25 15:45:09] ppocr WARNING: The pretrained params conv12.expand_conv.bn.weight not in model
[2022/09/25 15:45:09] ppocr WARNING: The pretrained params conv12.expand_conv.bn.bias not in model
[2022/09/25 15:45:09] ppocr WARNING: The pretrained params conv12.expand_conv.bn._mean not in model
[2022/09/25 15:45:09] ppocr WARNING: The pretrained params conv12.expand_conv.bn._variance not in model
[2022/09/25 15:45:09] ppocr WARNING: The pretrained params conv12.bottleneck_conv.conv.weight not in model
[2022/09/25 15:45:09] ppocr WARNING: The pretrained params conv12.bottleneck_conv.bn.weight not in model
[2022/09/25 15:45:09] ppocr WARNING: The pretrained params conv12.bottleneck_conv.bn.bias not in model
[2022/09/25 15:45:09] ppocr WARNING: The pretrained params conv12.bottleneck_conv.bn._mean not in model
[2022/09/25 15:45:09] ppocr WARNING: The pretrained params conv12.bottleneck_conv.bn._variance not in model
[2022/09/25 15:45:09] ppocr WARNING: The pretrained params conv12.mid_se.conv1.weight not in model
[2022/09/25 15:45:09] ppocr WARNING: The pretrained params conv12.mid_se.conv1.bias not in model
[2022/09/25 15:45:09] ppocr WARNING: The pretrained params conv12.mid_se.conv2.weight not in model
[2022/09/25 15:45:09] ppocr WARNING: The pretrained params conv12.mid_se.conv2.bias not in model
[2022/09/25 15:45:09] ppocr WARNING: The pretrained params conv12.linear_conv.conv.weight not in model
[2022/09/25 15:45:09] ppocr WARNING: The pretrained params conv12.linear_conv.bn.weight not in model
[2022/09/25 15:45:09] ppocr WARNING: The pretrained params conv12.linear_conv.bn.bias not in model
[2022/09/25 15:45:09] ppocr WARNING: The pretrained params conv12.linear_conv.bn._mean not in model
[2022/09/25 15:45:09] ppocr WARNING: The pretrained params conv12.linear_conv.bn._variance not in model
[2022/09/25 15:45:09] ppocr WARNING: The pretrained params conv13.expand_conv.conv.weight not in model
[2022/09/25 15:45:09] ppocr WARNING: The pretrained params conv13.expand_conv.bn.weight not in model
[2022/09/25 15:45:09] ppocr WARNING: The pretrained params conv13.expand_conv.bn.bias not in model
[2022/09/25 15:45:09] ppocr WARNING: The pretrained params conv13.expand_conv.bn._mean not in model
[2022/09/25 15:45:09] ppocr WARNING: The pretrained params conv13.expand_conv.bn._variance not in model
[2022/09/25 15:45:09] ppocr WARNING: The pretrained params conv13.bottleneck_conv.conv.weight not in model
[2022/09/25 15:45:09] ppocr WARNING: The pretrained params conv13.bottleneck_conv.bn.weight not in model
[2022/09/25 15:45:09] ppocr WARNING: The pretrained params conv13.bottleneck_conv.bn.bias not in model
[2022/09/25 15:45:09] ppocr WARNING: The pretrained params conv13.bottleneck_conv.bn._mean not in model
[2022/09/25 15:45:09] ppocr WARNING: The pretrained params conv13.bottleneck_conv.bn._variance not in model
[2022/09/25 15:45:09] ppocr WARNING: The pretrained params conv13.mid_se.conv1.weight not in model
[2022/09/25 15:45:09] ppocr WARNING: The pretrained params conv13.mid_se.conv1.bias not in model
[2022/09/25 15:45:09] ppocr WARNING: The pretrained params conv13.mid_se.conv2.weight not in model
[2022/09/25 15:45:09] ppocr WARNING: The pretrained params conv13.mid_se.conv2.bias not in model
[2022/09/25 15:45:09] ppocr WARNING: The pretrained params conv13.linear_conv.conv.weight not in model
[2022/09/25 15:45:09] ppocr WARNING: The pretrained params conv13.linear_conv.bn.weight not in model
[2022/09/25 15:45:09] ppocr WARNING: The pretrained params conv13.linear_conv.bn.bias not in model
[2022/09/25 15:45:09] ppocr WARNING: The pretrained params conv13.linear_conv.bn._mean not in model
[2022/09/25 15:45:09] ppocr WARNING: The pretrained params conv13.linear_conv.bn._variance not in model
[2022/09/25 15:45:09] ppocr WARNING: The pretrained params conv14.expand_conv.conv.weight not in model
[2022/09/25 15:45:09] ppocr WARNING: The pretrained params conv14.expand_conv.bn.weight not in model
[2022/09/25 15:45:09] ppocr WARNING: The pretrained params conv14.expand_conv.bn.bias not in model
[2022/09/25 15:45:09] ppocr WARNING: The pretrained params conv14.expand_conv.bn._mean not in model
[2022/09/25 15:45:09] ppocr WARNING: The pretrained params conv14.expand_conv.bn._variance not in model
[2022/09/25 15:45:09] ppocr WARNING: The pretrained params conv14.bottleneck_conv.conv.weight not in model
[2022/09/25 15:45:09] ppocr WARNING: The pretrained params conv14.bottleneck_conv.bn.weight not in model
[2022/09/25 15:45:09] ppocr WARNING: The pretrained params conv14.bottleneck_conv.bn.bias not in model
[2022/09/25 15:45:09] ppocr WARNING: The pretrained params conv14.bottleneck_conv.bn._mean not in model
[2022/09/25 15:45:09] ppocr WARNING: The pretrained params conv14.bottleneck_conv.bn._variance not in model
[2022/09/25 15:45:09] ppocr WARNING: The pretrained params conv14.mid_se.conv1.weight not in model
[2022/09/25 15:45:09] ppocr WARNING: The pretrained params conv14.mid_se.conv1.bias not in model
[2022/09/25 15:45:09] ppocr WARNING: The pretrained params conv14.mid_se.conv2.weight not in model
[2022/09/25 15:45:09] ppocr WARNING: The pretrained params conv14.mid_se.conv2.bias not in model
[2022/09/25 15:45:09] ppocr WARNING: The pretrained params conv14.linear_conv.conv.weight not in model
[2022/09/25 15:45:09] ppocr WARNING: The pretrained params conv14.linear_conv.bn.weight not in model
[2022/09/25 15:45:09] ppocr WARNING: The pretrained params conv14.linear_conv.bn.bias not in model
[2022/09/25 15:45:09] ppocr WARNING: The pretrained params conv14.linear_conv.bn._mean not in model
[2022/09/25 15:45:09] ppocr WARNING: The pretrained params conv14.linear_conv.bn._variance not in model
[2022/09/25 15:45:09] ppocr WARNING: The pretrained params conv15.expand_conv.conv.weight not in model
[2022/09/25 15:45:09] ppocr WARNING: The pretrained params conv15.expand_conv.bn.weight not in model
[2022/09/25 15:45:09] ppocr WARNING: The pretrained params conv15.expand_conv.bn.bias not in model
[2022/09/25 15:45:09] ppocr WARNING: The pretrained params conv15.expand_conv.bn._mean not in model
[2022/09/25 15:45:09] ppocr WARNING: The pretrained params conv15.expand_conv.bn._variance not in model
[2022/09/25 15:45:09] ppocr WARNING: The pretrained params conv15.bottleneck_conv.conv.weight not in model
[2022/09/25 15:45:09] ppocr WARNING: The pretrained params conv15.bottleneck_conv.bn.weight not in model
[2022/09/25 15:45:09] ppocr WARNING: The pretrained params conv15.bottleneck_conv.bn.bias not in model
[2022/09/25 15:45:09] ppocr WARNING: The pretrained params conv15.bottleneck_conv.bn._mean not in model
[2022/09/25 15:45:09] ppocr WARNING: The pretrained params conv15.bottleneck_conv.bn._variance not in model
[2022/09/25 15:45:09] ppocr WARNING: The pretrained params conv15.mid_se.conv1.weight not in model
[2022/09/25 15:45:09] ppocr WARNING: The pretrained params conv15.mid_se.conv1.bias not in model
[2022/09/25 15:45:09] ppocr WARNING: The pretrained params conv15.mid_se.conv2.weight not in model
[2022/09/25 15:45:09] ppocr WARNING: The pretrained params conv15.mid_se.conv2.bias not in model
[2022/09/25 15:45:09] ppocr WARNING: The pretrained params conv15.linear_conv.conv.weight not in model
[2022/09/25 15:45:09] ppocr WARNING: The pretrained params conv15.linear_conv.bn.weight not in model
[2022/09/25 15:45:09] ppocr WARNING: The pretrained params conv15.linear_conv.bn.bias not in model
[2022/09/25 15:45:09] ppocr WARNING: The pretrained params conv15.linear_conv.bn._mean not in model
[2022/09/25 15:45:09] ppocr WARNING: The pretrained params conv15.linear_conv.bn._variance not in model
[2022/09/25 15:45:09] ppocr WARNING: The pretrained params conv16.expand_conv.conv.weight not in model
[2022/09/25 15:45:09] ppocr WARNING: The pretrained params conv16.expand_conv.bn.weight not in model
[2022/09/25 15:45:09] ppocr WARNING: The pretrained params conv16.expand_conv.bn.bias not in model
[2022/09/25 15:45:09] ppocr WARNING: The pretrained params conv16.expand_conv.bn._mean not in model
[2022/09/25 15:45:09] ppocr WARNING: The pretrained params conv16.expand_conv.bn._variance not in model
[2022/09/25 15:45:09] ppocr WARNING: The pretrained params conv16.bottleneck_conv.conv.weight not in model
[2022/09/25 15:45:09] ppocr WARNING: The pretrained params conv16.bottleneck_conv.bn.weight not in model
[2022/09/25 15:45:09] ppocr WARNING: The pretrained params conv16.bottleneck_conv.bn.bias not in model
[2022/09/25 15:45:09] ppocr WARNING: The pretrained params conv16.bottleneck_conv.bn._mean not in model
[2022/09/25 15:45:09] ppocr WARNING: The pretrained params conv16.bottleneck_conv.bn._variance not in model
[2022/09/25 15:45:09] ppocr WARNING: The pretrained params conv16.mid_se.conv1.weight not in model
[2022/09/25 15:45:09] ppocr WARNING: The pretrained params conv16.mid_se.conv1.bias not in model
[2022/09/25 15:45:09] ppocr WARNING: The pretrained params conv16.mid_se.conv2.weight not in model
[2022/09/25 15:45:09] ppocr WARNING: The pretrained params conv16.mid_se.conv2.bias not in model
[2022/09/25 15:45:09] ppocr WARNING: The pretrained params conv16.linear_conv.conv.weight not in model
[2022/09/25 15:45:09] ppocr WARNING: The pretrained params conv16.linear_conv.bn.weight not in model
[2022/09/25 15:45:09] ppocr WARNING: The pretrained params conv16.linear_conv.bn.bias not in model
[2022/09/25 15:45:09] ppocr WARNING: The pretrained params conv16.linear_conv.bn._mean not in model
[2022/09/25 15:45:09] ppocr WARNING: The pretrained params conv16.linear_conv.bn._variance not in model
[2022/09/25 15:45:09] ppocr WARNING: The pretrained params last_second_conv.conv.weight not in model
[2022/09/25 15:45:09] ppocr WARNING: The pretrained params last_second_conv.bn.weight not in model
[2022/09/25 15:45:09] ppocr WARNING: The pretrained params last_second_conv.bn.bias not in model
[2022/09/25 15:45:09] ppocr WARNING: The pretrained params last_second_conv.bn._mean not in model
[2022/09/25 15:45:09] ppocr WARNING: The pretrained params last_second_conv.bn._variance not in model
[2022/09/25 15:45:09] ppocr WARNING: The pretrained params last_conv.weight not in model
[2022/09/25 15:45:09] ppocr WARNING: The pretrained params out.weight not in model
[2022/09/25 15:45:09] ppocr WARNING: The pretrained params out.bias not in model
[2022/09/25 15:45:09] ppocr INFO: load pretrain successful from ./pretrain_models/MobileNetV3_large_x0_5_pretrained
[2022/09/25 15:45:09] ppocr INFO: During the training process, after the 0th iteration, an evaluation is run every 2000 iterations
Traceback (most recent call last):
  File "tools/train.py", line 202, in <module>
    main(config, device, logger, vdl_writer)
  File "tools/train.py", line 175, in main
    program.train(config, train_dataloader, valid_dataloader, device, model,
  File "/SSD1T/05_Users/hoai/dev/ppocr-vietnamese/PaddleOCR/tools/program.py", line 302, in train
    loss = loss_class(preds, batch)
  File "/SSD1T/05_Users/hoai/dev/ppocr-vietnamese/venv-ppocr/lib/python3.8/site-packages/paddle/fluid/dygraph/layers.py", line 930, in __call__
    return self._dygraph_call_func(*inputs, **kwargs)
  File "/SSD1T/05_Users/hoai/dev/ppocr-vietnamese/venv-ppocr/lib/python3.8/site-packages/paddle/fluid/dygraph/layers.py", line 915, in _dygraph_call_func
    outputs = self.forward(*inputs, **kwargs)
  File "/SSD1T/05_Users/hoai/dev/ppocr-vietnamese/PaddleOCR/ppocr/losses/det_db_loss.py", line 65, in forward
    loss_binary_maps = self.dice_loss(binary_maps, label_shrink_map,
  File "/SSD1T/05_Users/hoai/dev/ppocr-vietnamese/venv-ppocr/lib/python3.8/site-packages/paddle/fluid/dygraph/layers.py", line 930, in __call__
    return self._dygraph_call_func(*inputs, **kwargs)
  File "/SSD1T/05_Users/hoai/dev/ppocr-vietnamese/venv-ppocr/lib/python3.8/site-packages/paddle/fluid/dygraph/layers.py", line 915, in _dygraph_call_func
    outputs = self.forward(*inputs, **kwargs)
  File "/SSD1T/05_Users/hoai/dev/ppocr-vietnamese/PaddleOCR/ppocr/losses/det_basic_loss.py", line 128, in forward
    assert loss <= 1
AssertionError
